======================================================================
EXPLORATORY PLAY ASSAY (clarified)
======================================================================
Running Ipsundrum_Affect, seed=0...
Running Ipsundrum_Affect, seed=1...
Running Ipsundrum_Affect, seed=2...
Running Ipsundrum_Affect, seed=3...
Running Ipsundrum_Affect, seed=4...
Running Ipsundrum_Affect_readout_only, seed=0...
Running Ipsundrum_Affect_readout_only, seed=1...
Running Ipsundrum_Affect_readout_only, seed=2...
Running Ipsundrum_Affect_readout_only, seed=3...
Running Ipsundrum_Affect_readout_only, seed=4...
Running Ipsundrum_Affect_modulation_only, seed=0...
Running Ipsundrum_Affect_modulation_only, seed=1...
Running Ipsundrum_Affect_modulation_only, seed=2...
Running Ipsundrum_Affect_modulation_only, seed=3...
Running Ipsundrum_Affect_modulation_only, seed=4...

RESULTS (mean across seeds):
                                  unique_states  ...  mean_bb_err
model                                            ...             
Ipsundrum_Affect                           73.0  ...     1.390710
Ipsundrum_Affect_readout_only              65.8  ...     1.310236
Ipsundrum_Affect_modulation_only           73.2  ...     1.563921

[3 rows x 26 columns]

OK: Results saved to results/ablations/exploratory-play/exploratory_play_clarified_ablation_quick.csv
OK: Trace saved to results/ablations/exploratory-play/exploratory_play_clarified_trace_ablation_quick.csv
OK: Figure saved to results/ablations/exploratory-play/fig_exploratory_play_clarified_ablation_quick.png
OK: Heatmaps saved to results/ablations/exploratory-play/fig_exploratory_play_clarified_heatmaps_ablation_quick.png
OK: Trajectories saved to results/ablations/exploratory-play/fig_exploratory_play_trajectories_ablation_quick.png

Done.
