======================================================================
EXPLORATORY PLAY ASSAY (clarified)
======================================================================
Running random, seed=0...
/Users/xcellect/AppDev/Repos-XC-Conx/papers/recips/experiments/exploratory_play.py:158: RuntimeWarning: Mean of empty slice
  return float(np.nanmean(values))
Running random, seed=1...
Running random, seed=2...
Running random, seed=3...
Running random, seed=4...
Running Recon_epistemic, seed=0...
Running Recon_epistemic, seed=1...
Running Recon_epistemic, seed=2...
Running Recon_epistemic, seed=3...
Running Recon_epistemic, seed=4...
Running Recon_curiosity, seed=0...
Running Recon_curiosity, seed=1...
Running Recon_curiosity, seed=2...
Running Recon_curiosity, seed=3...
Running Recon_curiosity, seed=4...
Running Ipsundrum_curiosity, seed=0...
Running Ipsundrum_curiosity, seed=1...
Running Ipsundrum_curiosity, seed=2...
Running Ipsundrum_curiosity, seed=3...
Running Ipsundrum_curiosity, seed=4...
Running Ipsundrum_Affect_no_curiosity, seed=0...
Running Ipsundrum_Affect_no_curiosity, seed=1...
Running Ipsundrum_Affect_no_curiosity, seed=2...
Running Ipsundrum_Affect_no_curiosity, seed=3...
Running Ipsundrum_Affect_no_curiosity, seed=4...
Running Ipsundrum_Affect_curiosity, seed=0...
Running Ipsundrum_Affect_curiosity, seed=1...
Running Ipsundrum_Affect_curiosity, seed=2...
Running Ipsundrum_Affect_curiosity, seed=3...
Running Ipsundrum_Affect_curiosity, seed=4...

RESULTS (mean across seeds):
                               unique_states  ...  mean_bb_err
model                                         ...             
random                                  32.6  ...          NaN
Recon_epistemic                         18.4  ...          NaN
Recon_curiosity                         76.0  ...          NaN
Ipsundrum_curiosity                     76.0  ...          NaN
Ipsundrum_Affect_no_curiosity           37.2  ...     1.424511
Ipsundrum_Affect_curiosity              73.0  ...     1.390710

[6 rows x 26 columns]

OK: Results saved to results/exploratory-play/exploratory_play_clarified_quick.csv
OK: Trace saved to results/exploratory-play/exploratory_play_clarified_trace_quick.csv
OK: Figure saved to results/exploratory-play/fig_exploratory_play_clarified_quick.png
OK: Heatmaps saved to results/exploratory-play/fig_exploratory_play_clarified_heatmaps_quick.png
OK: Trajectories saved to results/exploratory-play/fig_exploratory_play_trajectories_quick.png
OK: Dwell figure saved to results/exploratory-play/fig_exploratory_play_dwell_quick.png

Done.
