======================================================================
QUALIAPHILIA FAMILIARITY CONTROL (Designed Exposure)
======================================================================
Running recon, seed=0, familiarization=none...
Running recon, seed=0, familiarization=scenic...
Running recon, seed=0, familiarization=dull...
Running recon, seed=0, familiarization=both...
Running recon, seed=1, familiarization=none...
Running recon, seed=1, familiarization=scenic...
Running recon, seed=1, familiarization=dull...
Running recon, seed=1, familiarization=both...
Running recon, seed=2, familiarization=none...
Running recon, seed=2, familiarization=scenic...
Running recon, seed=2, familiarization=dull...
Running recon, seed=2, familiarization=both...
Running recon, seed=3, familiarization=none...
Running recon, seed=3, familiarization=scenic...
Running recon, seed=3, familiarization=dull...
Running recon, seed=3, familiarization=both...
Running recon, seed=4, familiarization=none...
Running recon, seed=4, familiarization=scenic...
Running recon, seed=4, familiarization=dull...
Running recon, seed=4, familiarization=both...
Running humphrey, seed=0, familiarization=none...
Running humphrey, seed=0, familiarization=scenic...
Running humphrey, seed=0, familiarization=dull...
Running humphrey, seed=0, familiarization=both...
Running humphrey, seed=1, familiarization=none...
Running humphrey, seed=1, familiarization=scenic...
Running humphrey, seed=1, familiarization=dull...
Running humphrey, seed=1, familiarization=both...
Running humphrey, seed=2, familiarization=none...
Running humphrey, seed=2, familiarization=scenic...
Running humphrey, seed=2, familiarization=dull...
Running humphrey, seed=2, familiarization=both...
Running humphrey, seed=3, familiarization=none...
Running humphrey, seed=3, familiarization=scenic...
Running humphrey, seed=3, familiarization=dull...
Running humphrey, seed=3, familiarization=both...
Running humphrey, seed=4, familiarization=none...
Running humphrey, seed=4, familiarization=scenic...
Running humphrey, seed=4, familiarization=dull...
Running humphrey, seed=4, familiarization=both...
Running humphrey_barrett, seed=0, familiarization=none...
Running humphrey_barrett, seed=0, familiarization=scenic...
Running humphrey_barrett, seed=0, familiarization=dull...
Running humphrey_barrett, seed=0, familiarization=both...
Running humphrey_barrett, seed=1, familiarization=none...
Running humphrey_barrett, seed=1, familiarization=scenic...
Running humphrey_barrett, seed=1, familiarization=dull...
Running humphrey_barrett, seed=1, familiarization=both...
Running humphrey_barrett, seed=2, familiarization=none...
Running humphrey_barrett, seed=2, familiarization=scenic...
Running humphrey_barrett, seed=2, familiarization=dull...
Running humphrey_barrett, seed=2, familiarization=both...
Running humphrey_barrett, seed=3, familiarization=none...
Running humphrey_barrett, seed=3, familiarization=scenic...
Running humphrey_barrett, seed=3, familiarization=dull...
Running humphrey_barrett, seed=3, familiarization=both...
Running humphrey_barrett, seed=4, familiarization=none...
Running humphrey_barrett, seed=4, familiarization=scenic...
Running humphrey_barrett, seed=4, familiarization=dull...
Running humphrey_barrett, seed=4, familiarization=both...

======================================================================
RESULTS (Decided Trials Only)
======================================================================
               model familiarize_side  ... mean_arousal_dull  n
0              Recon             both  ...               NaN  5
1              Recon             both  ...               NaN  5
2              Recon             both  ...               NaN  5
3              Recon             both  ...               NaN  5
4              Recon             both  ...               NaN  5
..               ...              ...  ...               ... ..
67  Ipsundrum+affect           scenic  ...               NaN  4
68  Ipsundrum+affect             both  ...               NaN  4
69  Ipsundrum+affect             dull  ...               NaN  4
70  Ipsundrum+affect             none  ...               NaN  4
71  Ipsundrum+affect           scenic  ...               NaN  4

[72 rows x 12 columns]

Post P(scenic | split_delta_novelty < 0), scenic familiarization:
  morning 1:
    recon             : 0.400
    humphrey          : 0.400
    humphrey_barrett  : 1.000
  morning 2:
    recon             : 0.400
    humphrey          : 0.400
    humphrey_barrett  : 1.000
  morning 3:
    recon             : 0.200
    humphrey          : 0.200
    humphrey_barrett  : 1.000
  morning 4:
    recon             : 0.200
    humphrey          : 0.200
    humphrey_barrett  : 1.000
  morning 5:
    recon             : 0.200
    humphrey          : 0.200
    humphrey_barrett  : 1.000

Repeat scenic rate across mornings (post):
               model familiarize_side  repeat_scenic_rate   n  mornings
0              recon             both                0.28  25         5
1              recon             dull                0.36  25         5
2              recon             none                0.44  25         5
3              recon           scenic                0.28  25         5
4           humphrey             both                0.28  25         5
5           humphrey             dull                0.36  25         5
6           humphrey             none                0.44  25         5
7           humphrey           scenic                0.28  25         5
8   humphrey_barrett             both                1.00  20         5
9   humphrey_barrett             dull                1.00  20         5
10  humphrey_barrett             none                1.00  20         5
11  humphrey_barrett           scenic                1.00  20         5

Median delta_novelty by familiarize_side (post):
scenic  : -0.2782
dull    : +0.1507

Side-bias check (post, scenic-familiar):
              model  scenic_rate_left  scenic_rate_right  n_left  n_right
0             Recon               0.2                0.4      15       10
1         Ipsundrum               0.2                0.4      15       10
2  Ipsundrum+affect               1.0                1.0      10       10

Decided rate by model/phase:
              model     phase  decided
0             Recon  baseline      1.0
1             Recon      post      1.0
2         Ipsundrum  baseline      1.0
3         Ipsundrum      post      1.0
4  Ipsundrum+affect  baseline      0.8
5  Ipsundrum+affect      post      0.8
