============================================================
QUALIAPHILIA ASSAY
============================================================
Running qualiaphilia: model=recon, seed=0, scenic=left
Running qualiaphilia: model=recon, seed=1, scenic=right
Running qualiaphilia: model=recon, seed=2, scenic=left
Running qualiaphilia: model=recon, seed=3, scenic=right
Running qualiaphilia: model=recon, seed=4, scenic=left
Running qualiaphilia: model=humphrey, seed=0, scenic=left
Running qualiaphilia: model=humphrey, seed=1, scenic=right
Running qualiaphilia: model=humphrey, seed=2, scenic=left
Running qualiaphilia: model=humphrey, seed=3, scenic=right
Running qualiaphilia: model=humphrey, seed=4, scenic=left
Running qualiaphilia: model=humphrey_barrett, seed=0, scenic=left
Running qualiaphilia: model=humphrey_barrett, seed=1, scenic=right
Running qualiaphilia: model=humphrey_barrett, seed=2, scenic=left
Running qualiaphilia: model=humphrey_barrett, seed=3, scenic=right
Running qualiaphilia: model=humphrey_barrett, seed=4, scenic=left

============================================================
SUMMARY
============================================================
           model  decided_rate  mean_time_scenic  mean_time_dull  mean_time_center  mean_scenic_time_share  mean_time_scenic_barrier  mean_time_dull_barrier  scenic_time_share_barrier_mean  success_rate  mean_hazards  mean_valence_scenic  mean_valence_dull  mean_arousal_scenic  mean_arousal_dull  n  scenic_rate_entry  scenic_rate_commit
           Recon           1.0              22.4             5.2              12.6                0.799742                      12.2                     2.2                             0.8           1.0           0.0                  NaN                NaN                  NaN                NaN  5                0.8                 0.8
       Ipsundrum           1.0              22.4             5.2              12.6                0.799742                      12.2                     2.2                             0.8           1.0           0.0                  NaN                NaN                  NaN                NaN  5                0.8                 0.8
Ipsundrum+affect           0.8              22.2             0.0              47.0                0.800000                       9.6                     0.0                             0.8           0.4           0.0             0.780644                NaN              0.09788                NaN  5                1.0                 1.0

Plot saved: results/qualiaphilia/results.png

============================================================
INTERPRETATION
============================================================
Chance = 50% (random choice between paths)
Evidence for qualiaphilia: preference significantly > 50%
  Recon               :  80.0% (+30.0% vs chance), decided=100.0%
  Ipsundrum           :  80.0% (+30.0% vs chance), decided=100.0%
  Ipsundrum+affect    : 100.0% (+50.0% vs chance), decided= 80.0%
